#
# There is insufficient memory for the Java Runtime Environment to continue.
# Native memory allocation (mmap) failed to map 35127296 bytes for committing reserved memory.
# Possible reasons:
#   The system is out of physical RAM or swap space
#   In 32 bit mode, the process size limit was hit
# Possible solutions:
#   Reduce memory load on the system
#   Increase physical memory or swap space
#   Check if swap backing store is full
#   Use 64 bit Java on a 64 bit OS
#   Decrease Java heap size (-Xmx/-Xms)
#   Decrease number of Java threads
#   Decrease Java thread stack sizes (-Xss)
#   Set larger code cache with -XX:ReservedCodeCacheSize=
# This output file may be truncated or incomplete.
#
#  Out of Memory Error (os_linux.cpp:2743), pid=34502, tid=0x00007fb36451c700
#
# JRE version: Java(TM) SE Runtime Environment (8.0_191-b12) (build 1.8.0_191-b12)
# Java VM: Java HotSpot(TM) 64-Bit Server VM (25.191-b12 mixed mode linux-amd64 compressed oops)
# Failed to write core dump. Core dumps have been disabled. To enable core dumping, try "ulimit -c unlimited" before starting Java again
#

---------------  T H R E A D  ---------------

Current thread (0x00007fb374075800):  VMThread [stack: 0x00007fb36441d000,0x00007fb36451d000] [id=34507]

Stack: [0x00007fb36441d000,0x00007fb36451d000],  sp=0x00007fb36451b490,  free space=1017k
Native frames: (J=compiled Java code, j=interpreted, Vv=VM code, C=native code)
V  [libjvm.so+0xace425]  VMError::report_and_die()+0x2c5
V  [libjvm.so+0x4deb77]  report_vm_out_of_memory(char const*, int, unsigned long, VMErrorType, char const*)+0x67
V  [libjvm.so+0x90c570]  os::pd_commit_memory(char*, unsigned long, unsigned long, bool)+0x100
V  [libjvm.so+0x903eaf]  os::commit_memory(char*, unsigned long, unsigned long, bool)+0x1f
V  [libjvm.so+0x988346]  PSVirtualSpace::expand_by(unsigned long)+0x56
V  [libjvm.so+0x9895d8]  PSYoungGen::resize(unsigned long, unsigned long)+0xd8
V  [libjvm.so+0x985d66]  PSScavenge::invoke_no_policy()+0x1356
V  [libjvm.so+0x97e7d9]  PSParallelCompact::invoke(bool)+0x49
V  [libjvm.so+0xacfe56]  VM_ParallelGCSystemGC::doit()+0xa6
V  [libjvm.so+0xad50f6]  VM_Operation::evaluate()+0x46
V  [libjvm.so+0xad347d]  VMThread::evaluate_operation(VM_Operation*) [clone .constprop.44]+0xcd
V  [libjvm.so+0xad3a3b]  VMThread::loop()+0x37b
V  [libjvm.so+0xad3de8]  VMThread::run()+0x78
V  [libjvm.so+0x909c92]  java_start(Thread*)+0x102

VM_Operation (0x00007fb37dacaa60): ParallelGCSystemGC, mode: safepoint, requested by thread 0x00007fb37400b800


---------------  P R O C E S S  ---------------

Java Threads: ( => current thread )
  0x00007fb374e4f000 JavaThread "resolver-4" daemon [_thread_blocked, id=34520, stack(0x00007fb35dd06000,0x00007fb35de07000)]
  0x00007fb374e2d800 JavaThread "resolver-3" daemon [_thread_blocked, id=34519, stack(0x00007fb35de07000,0x00007fb35df08000)]
  0x00007fb374e2c800 JavaThread "resolver-2" daemon [_thread_blocked, id=34518, stack(0x00007fb35df08000,0x00007fb35e009000)]
  0x00007fb374e11800 JavaThread "resolver-1" daemon [_thread_blocked, id=34517, stack(0x00007fb35e009000,0x00007fb35e10a000)]
  0x00007fb3740bb800 JavaThread "Service Thread" daemon [_thread_blocked, id=34513, stack(0x00007fb35f42f000,0x00007fb35f530000)]
  0x00007fb3740b9000 JavaThread "C1 CompilerThread1" daemon [_thread_blocked, id=34512, stack(0x00007fb35f531000,0x00007fb35f631000)]
  0x00007fb3740b6000 JavaThread "C2 CompilerThread0" daemon [_thread_blocked, id=34511, stack(0x00007fb364019000,0x00007fb364119000)]
  0x00007fb3740b4800 JavaThread "Signal Dispatcher" daemon [_thread_blocked, id=34510, stack(0x00007fb364119000,0x00007fb36421a000)]
  0x00007fb374081800 JavaThread "Finalizer" daemon [_thread_blocked, id=34509, stack(0x00007fb36421a000,0x00007fb36431b000)]
  0x00007fb37407f000 JavaThread "Reference Handler" daemon [_thread_blocked, id=34508, stack(0x00007fb36431b000,0x00007fb36441c000)]
  0x00007fb37400b800 JavaThread "main" [_thread_blocked, id=34504, stack(0x00007fb37d9cd000,0x00007fb37dacd000)]

Other Threads:
=>0x00007fb374075800 VMThread [stack: 0x00007fb36441d000,0x00007fb36451d000] [id=34507]
  0x00007fb3740c0800 WatcherThread [stack: 0x00007fb35f32f000,0x00007fb35f42f000] [id=34514]

VM state:at safepoint (normal execution)

VM Mutex/Monitor currently owned by a thread:  ([mutex/lock_event])
[0x00007fb374007cc0] Threads_lock - owner thread: 0x00007fb374075800
[0x00007fb3740081c0] Heap_lock - owner thread: 0x00007fb37400b800

Heap:
 PSYoungGen      total 134656K, used 3105K [0x00000000eb900000, 0x00000000f4a00000, 0x0000000100000000)
  eden space 123904K, 0% used [0x00000000eb900000,0x00000000eb900000,0x00000000f3200000)
  from space 10752K, 28% used [0x00000000f3200000,0x00000000f35084f0,0x00000000f3c80000)
  to   space 7680K, 0% used [0x00000000f3c80000,0x00000000f3c80000,0x00000000f4400000)
 ParOldGen       total 46592K, used 17642K [0x00000000c2a00000, 0x00000000c5780000, 0x00000000eb900000)
  object space 46592K, 37% used [0x00000000c2a00000,0x00000000c3b3a808,0x00000000c5780000)
 Metaspace       used 23759K, capacity 24424K, committed 24704K, reserved 1071104K
  class space    used 2852K, capacity 3101K, committed 3200K, reserved 1048576K

Card table byte_map: [0x00007fb37a4bf000,0x00007fb37a6ab000] byte_map_base: 0x00007fb379eaa000

Marking Bits: (ParMarkBitMap*) 0x00007fb37ce73d40
 Begin Bits: [0x00007fb3782c5000, 0x00007fb37921d000)
 End Bits:   [0x00007fb37921d000, 0x00007fb37a175000)

Polling page: 0x00007fb37dae1000

CodeCache: size=245760Kb used=11412Kb max_used=11412Kb free=234347Kb
 bounds [0x00007fb365000000, 0x00007fb365b30000, 0x00007fb374000000]
 total_blobs=4052 nmethods=3647 adapters=318
 compilation: enabled

Compilation events (10 events):
Event: 88.013 Thread 0x00007fb3740b9000 3720       3       sun.nio.cs.StreamEncoder::implWrite (156 bytes)
Event: 88.022 Thread 0x00007fb3740b9000 nmethod 3720 0x00007fb365b24b50 code [0x00007fb365b24dc0, 0x00007fb365b25c48]
Event: 88.225 Thread 0x00007fb3740b9000 3725       3       java.io.OutputStreamWriter::write (11 bytes)
Event: 88.302 Thread 0x00007fb3740b6000 nmethod 3721 0x00007fb365b24710 code [0x00007fb365b24860, 0x00007fb365b249d8]
Event: 90.326 Thread 0x00007fb3740b9000 nmethod 3725 0x00007fb365b29b10 code [0x00007fb365b29c80, 0x00007fb365b29e28]
Event: 90.653 Thread 0x00007fb3740b9000 3726       3       sun.util.calendar.BaseCalendar::getFixedDate (324 bytes)
Event: 90.778 Thread 0x00007fb3740b9000 nmethod 3726 0x00007fb365b29f10 code [0x00007fb365b2a200, 0x00007fb365b2c3d0]
Event: 91.818 Thread 0x00007fb3740b6000 3727  s    4       java.lang.StringBuffer::append (13 bytes)
Event: 91.829 Thread 0x00007fb3740b9000 3728       3       org.netbeans.shaded.json.simple.JSONValue::escape (24 bytes)
Event: 91.848 Thread 0x00007fb3740b9000 nmethod 3728 0x00007fb365b29350 code [0x00007fb365b294e0, 0x00007fb365b29958]

GC Heap History (10 events):
Event: 2.199 GC heap after
Heap after GC invocations=5 (full 0):
 PSYoungGen      total 34304K, used 2528K [0x00000000eb900000, 0x00000000f0400000, 0x0000000100000000)
  eden space 31744K, 0% used [0x00000000eb900000,0x00000000eb900000,0x00000000ed800000)
  from space 2560K, 98% used [0x00000000ed800000,0x00000000eda78040,0x00000000eda80000)
  to   space 6656K, 0% used [0x00000000efd80000,0x00000000efd80000,0x00000000f0400000)
 ParOldGen       total 42496K, used 7409K [0x00000000c2a00000, 0x00000000c5380000, 0x00000000eb900000)
  object space 42496K, 17% used [0x00000000c2a00000,0x00000000c313c430,0x00000000c5380000)
 Metaspace       used 13822K, capacity 14168K, committed 14464K, reserved 1062912K
  class space    used 1691K, capacity 1798K, committed 1920K, reserved 1048576K
}
Event: 2.556 GC heap before
{Heap before GC invocations=6 (full 0):
 PSYoungGen      total 34304K, used 34272K [0x00000000eb900000, 0x00000000f0400000, 0x0000000100000000)
  eden space 31744K, 100% used [0x00000000eb900000,0x00000000ed800000,0x00000000ed800000)
  from space 2560K, 98% used [0x00000000ed800000,0x00000000eda78040,0x00000000eda80000)
  to   space 6656K, 0% used [0x00000000efd80000,0x00000000efd80000,0x00000000f0400000)
 ParOldGen       total 42496K, used 7409K [0x00000000c2a00000, 0x00000000c5380000, 0x00000000eb900000)
  object space 42496K, 17% used [0x00000000c2a00000,0x00000000c313c430,0x00000000c5380000)
 Metaspace       used 14106K, capacity 14424K, committed 14720K, reserved 1062912K
  class space    used 1695K, capacity 1798K, committed 1920K, reserved 1048576K
Event: 2.566 GC heap after
Heap after GC invocations=6 (full 0):
 PSYoungGen      total 69120K, used 3968K [0x00000000eb900000, 0x00000000f0300000, 0x0000000100000000)
  eden space 63488K, 0% used [0x00000000eb900000,0x00000000eb900000,0x00000000ef700000)
  from space 5632K, 70% used [0x00000000efd80000,0x00000000f0160040,0x00000000f0300000)
  to   space 6144K, 0% used [0x00000000ef700000,0x00000000ef700000,0x00000000efd00000)
 ParOldGen       total 42496K, used 7417K [0x00000000c2a00000, 0x00000000c5380000, 0x00000000eb900000)
  object space 42496K, 17% used [0x00000000c2a00000,0x00000000c313e430,0x00000000c5380000)
 Metaspace       used 14106K, capacity 14424K, committed 14720K, reserved 1062912K
  class space    used 1695K, capacity 1798K, committed 1920K, reserved 1048576K
}
Event: 3.315 GC heap before
{Heap before GC invocations=7 (full 0):
 PSYoungGen      total 69120K, used 67456K [0x00000000eb900000, 0x00000000f0300000, 0x0000000100000000)
  eden space 63488K, 100% used [0x00000000eb900000,0x00000000ef700000,0x00000000ef700000)
  from space 5632K, 70% used [0x00000000efd80000,0x00000000f0160040,0x00000000f0300000)
  to   space 6144K, 0% used [0x00000000ef700000,0x00000000ef700000,0x00000000efd00000)
 ParOldGen       total 42496K, used 7417K [0x00000000c2a00000, 0x00000000c5380000, 0x00000000eb900000)
  object space 42496K, 17% used [0x00000000c2a00000,0x00000000c313e430,0x00000000c5380000)
 Metaspace       used 15112K, capacity 15470K, committed 15488K, reserved 1062912K
  class space    used 1776K, capacity 1911K, committed 1920K, reserved 1048576K
Event: 3.344 GC heap after
Heap after GC invocations=7 (full 0):
 PSYoungGen      total 69632K, used 6116K [0x00000000eb900000, 0x00000000f4400000, 0x0000000100000000)
  eden space 63488K, 0% used [0x00000000eb900000,0x00000000eb900000,0x00000000ef700000)
  from space 6144K, 99% used [0x00000000ef700000,0x00000000efcf92b0,0x00000000efd00000)
  to   space 7680K, 0% used [0x00000000f3c80000,0x00000000f3c80000,0x00000000f4400000)
 ParOldGen       total 42496K, used 8384K [0x00000000c2a00000, 0x00000000c5380000, 0x00000000eb900000)
  object space 42496K, 19% used [0x00000000c2a00000,0x00000000c3230018,0x00000000c5380000)
 Metaspace       used 15112K, capacity 15470K, committed 15488K, reserved 1062912K
  class space    used 1776K, capacity 1911K, committed 1920K, reserved 1048576K
}
Event: 4.217 GC heap before
{Heap before GC invocations=8 (full 0):
 PSYoungGen      total 69632K, used 50855K [0x00000000eb900000, 0x00000000f4400000, 0x0000000100000000)
  eden space 63488K, 70% used [0x00000000eb900000,0x00000000ee4b0c40,0x00000000ef700000)
  from space 6144K, 99% used [0x00000000ef700000,0x00000000efcf92b0,0x00000000efd00000)
  to   space 7680K, 0% used [0x00000000f3c80000,0x00000000f3c80000,0x00000000f4400000)
 ParOldGen       total 42496K, used 8384K [0x00000000c2a00000, 0x00000000c5380000, 0x00000000eb900000)
  object space 42496K, 19% used [0x00000000c2a00000,0x00000000c3230018,0x00000000c5380000)
 Metaspace       used 20728K, capacity 21162K, committed 21296K, reserved 1069056K
  class space    used 2467K, capacity 2634K, committed 2688K, reserved 1048576K
Event: 4.256 GC heap after
Heap after GC invocations=8 (full 0):
 PSYoungGen      total 131584K, used 7666K [0x00000000eb900000, 0x00000000f4a00000, 0x0000000100000000)
  eden space 123904K, 0% used [0x00000000eb900000,0x00000000eb900000,0x00000000f3200000)
  from space 7680K, 99% used [0x00000000f3c80000,0x00000000f43fc850,0x00000000f4400000)
  to   space 10752K, 0% used [0x00000000f3200000,0x00000000f3200000,0x00000000f3c80000)
 ParOldGen       total 42496K, used 12847K [0x00000000c2a00000, 0x00000000c5380000, 0x00000000eb900000)
  object space 42496K, 30% used [0x00000000c2a00000,0x00000000c368bfb8,0x00000000c5380000)
 Metaspace       used 20728K, capacity 21162K, committed 21296K, reserved 1069056K
  class space    used 2467K, capacity 2634K, committed 2688K, reserved 1048576K
}
Event: 4.256 GC heap before
{Heap before GC invocations=9 (full 1):
 PSYoungGen      total 131584K, used 7666K [0x00000000eb900000, 0x00000000f4a00000, 0x0000000100000000)
  eden space 123904K, 0% used [0x00000000eb900000,0x00000000eb900000,0x00000000f3200000)
  from space 7680K, 99% used [0x00000000f3c80000,0x00000000f43fc850,0x00000000f4400000)
  to   space 10752K, 0% used [0x00000000f3200000,0x00000000f3200000,0x00000000f3c80000)
 ParOldGen       total 42496K, used 12847K [0x00000000c2a00000, 0x00000000c5380000, 0x00000000eb900000)
  object space 42496K, 30% used [0x00000000c2a00000,0x00000000c368bfb8,0x00000000c5380000)
 Metaspace       used 20728K, capacity 21162K, committed 21296K, reserved 1069056K
  class space    used 2467K, capacity 2634K, committed 2688K, reserved 1048576K
Event: 4.386 GC heap after
Heap after GC invocations=9 (full 1):
 PSYoungGen      total 131584K, used 0K [0x00000000eb900000, 0x00000000f4a00000, 0x0000000100000000)
  eden space 123904K, 0% used [0x00000000eb900000,0x00000000eb900000,0x00000000f3200000)
  from space 7680K, 0% used [0x00000000f3c80000,0x00000000f3c80000,0x00000000f4400000)
  to   space 10752K, 0% used [0x00000000f3200000,0x00000000f3200000,0x00000000f3c80000)
 ParOldGen       total 46592K, used 17634K [0x00000000c2a00000, 0x00000000c5780000, 0x00000000eb900000)
  object space 46592K, 37% used [0x00000000c2a00000,0x00000000c3b38808,0x00000000c5780000)
 Metaspace       used 20728K, capacity 21162K, committed 21296K, reserved 1069056K
  class space    used 2467K, capacity 2634K, committed 2688K, reserved 1048576K
}
Event: 92.835 GC heap before
{Heap before GC invocations=10 (full 1):
 PSYoungGen      total 131584K, used 43641K [0x00000000eb900000, 0x00000000f4a00000, 0x0000000100000000)
  eden space 123904K, 35% used [0x00000000eb900000,0x00000000ee39e468,0x00000000f3200000)
  from space 7680K, 0% used [0x00000000f3c80000,0x00000000f3c80000,0x00000000f4400000)
  to   space 10752K, 0% used [0x00000000f3200000,0x00000000f3200000,0x00000000f3c80000)
 ParOldGen       total 46592K, used 17634K [0x00000000c2a00000, 0x00000000c5780000, 0x00000000eb900000)
  object space 46592K, 37% used [0x00000000c2a00000,0x00000000c3b38808,0x00000000c5780000)
 Metaspace       used 23759K, capacity 24424K, committed 24704K, reserved 1071104K
  class space    used 2852K, capacity 3101K, committed 3200K, reserved 1048576K

Deoptimization events (10 events):
Event: 8.191 Thread 0x00007fb37400b800 Uncommon trap: reason=class_check action=maybe_recompile pc=0x00007fb3658a1cf4 method=java.util.regex.Pattern$CharProperty$1.isSatisfiedBy(I)Z @ 5
Event: 30.941 Thread 0x00007fb37400b800 Uncommon trap: reason=unstable_if action=reinterpret pc=0x00007fb365272834 method=sun.nio.cs.StreamDecoder.read0()I @ 11
Event: 31.342 Thread 0x00007fb37400b800 Uncommon trap: reason=bimorphic action=maybe_recompile pc=0x00007fb365a79aa4 method=java.util.Hashtable.put(Ljava/lang/Object;Ljava/lang/Object;)Ljava/lang/Object; @ 18
Event: 31.437 Thread 0x00007fb37400b800 Uncommon trap: reason=bimorphic action=maybe_recompile pc=0x00007fb365a79aa4 method=java.util.Hashtable.put(Ljava/lang/Object;Ljava/lang/Object;)Ljava/lang/Object; @ 18
Event: 32.341 Thread 0x00007fb37400b800 Uncommon trap: reason=bimorphic action=maybe_recompile pc=0x00007fb365a79aa4 method=java.util.Hashtable.put(Ljava/lang/Object;Ljava/lang/Object;)Ljava/lang/Object; @ 18
Event: 32.580 Thread 0x00007fb37400b800 Uncommon trap: reason=bimorphic action=maybe_recompile pc=0x00007fb365a79aa4 method=java.util.Hashtable.put(Ljava/lang/Object;Ljava/lang/Object;)Ljava/lang/Object; @ 18
Event: 44.541 Thread 0x00007fb37400b800 Uncommon trap: reason=class_check action=maybe_recompile pc=0x00007fb36582bd68 method=java.util.Hashtable.get(Ljava/lang/Object;)Ljava/lang/Object; @ 6
Event: 44.564 Thread 0x00007fb37400b800 Uncommon trap: reason=class_check action=maybe_recompile pc=0x00007fb36582bd68 method=java.util.Hashtable.get(Ljava/lang/Object;)Ljava/lang/Object; @ 6
Event: 44.565 Thread 0x00007fb37400b800 Uncommon trap: reason=class_check action=maybe_recompile pc=0x00007fb36582bd68 method=java.util.Hashtable.get(Ljava/lang/Object;)Ljava/lang/Object; @ 6
Event: 44.566 Thread 0x00007fb37400b800 Uncommon trap: reason=class_check action=maybe_recompile pc=0x00007fb36582bd68 method=java.util.Hashtable.get(Ljava/lang/Object;)Ljava/lang/Object; @ 6

Classes redefined (0 events):
No events

Internal exceptions (10 events):
Event: 3.385 Thread 0x00007fb37400b800 Exception <a 'java/lang/NoClassDefFoundError': org/slf4j/Logger> (0x00000000ebaf9db0) thrown at [/HUDSON/workspace/8-2-build-linux-amd64/jdk8u191/11894/hotspot/src/share/vm/oops/constantPool.cpp, line 235]
Event: 3.443 Thread 0x00007fb37400b800 Exception <a 'java/lang/ClassNotFoundException': com/sun/tools/javac/api/JavacTool> (0x00000000ebd261b8) thrown at [/HUDSON/workspace/8-2-build-linux-amd64/jdk8u191/11894/hotspot/src/share/vm/classfile/systemDictionary.cpp, line 210]
Event: 3.832 Thread 0x00007fb37400b800 Exception <a 'java/io/FileNotFoundException'> (0x00000000ece46230) thrown at [/HUDSON/workspace/8-2-build-linux-amd64/jdk8u191/11894/hotspot/src/share/vm/prims/jni.cpp, line 709]
Event: 3.835 Thread 0x00007fb37400b800 Exception <a 'java/io/FileNotFoundException'> (0x00000000ece7b5f8) thrown at [/HUDSON/workspace/8-2-build-linux-amd64/jdk8u191/11894/hotspot/src/share/vm/prims/jni.cpp, line 709]
Event: 4.186 Thread 0x00007fb37400b800 Exception <a 'java/lang/NoClassDefFoundError': org/slf4j/Logger> (0x00000000ee2633e0) thrown at [/HUDSON/workspace/8-2-build-linux-amd64/jdk8u191/11894/hotspot/src/share/vm/oops/constantPool.cpp, line 235]
Event: 4.447 Thread 0x00007fb37400b800 Implicit null exception at 0x00007fb365868498 to 0x00007fb3658684de
Event: 12.083 Thread 0x00007fb37400b800 Exception <a 'java/lang/NoClassDefFoundError': org/slf4j/Logger> (0x00000000ed3b0f40) thrown at [/HUDSON/workspace/8-2-build-linux-amd64/jdk8u191/11894/hotspot/src/share/vm/oops/constantPool.cpp, line 235]
Event: 15.292 Thread 0x00007fb37400b800 Exception <a 'java/io/FileNotFoundException'> (0x00000000ed62b6c0) thrown at [/HUDSON/workspace/8-2-build-linux-amd64/jdk8u191/11894/hotspot/src/share/vm/prims/jni.cpp, line 709]
Event: 15.304 Thread 0x00007fb37400b800 Exception <a 'java/io/FileNotFoundException'> (0x00000000ed62c420) thrown at [/HUDSON/workspace/8-2-build-linux-amd64/jdk8u191/11894/hotspot/src/share/vm/prims/jni.cpp, line 709]
Event: 69.387 Thread 0x00007fb37400b800 Exception <a 'java/lang/NoClassDefFoundError': org/slf4j/Logger> (0x00000000ee0ef358) thrown at [/HUDSON/workspace/8-2-build-linux-amd64/jdk8u191/11894/hotspot/src/share/vm/oops/constantPool.cpp, line 235]

Events (10 events):
Event: 87.457 loading class org/apache/maven/artifact/repository/metadata/io/xpp3/MetadataXpp3Writer done
Event: 87.564 loading class org/sonatype/aether/repository/LocalMetadataRegistration
Event: 87.601 loading class org/sonatype/aether/repository/LocalMetadataRegistration done
Event: 88.257 loading class org/apache/maven/artifact/repository/metadata/SnapshotArtifactRepositoryMetadata
Event: 88.260 loading class org/apache/maven/artifact/repository/metadata/SnapshotArtifactRepositoryMetadata done
Event: 88.640 loading class org/apache/maven/artifact/repository/metadata/AbstractRepositoryMetadata
Event: 88.640 loading class org/apache/maven/artifact/repository/metadata/AbstractRepositoryMetadata done
Event: 90.857 loading class org/apache/maven/artifact/repository/metadata/ArtifactRepositoryMetadata
Event: 90.862 loading class org/apache/maven/artifact/repository/metadata/ArtifactRepositoryMetadata done
Event: 92.822 Executing VM operation: ParallelGCSystemGC


Dynamic libraries:
00400000-00401000 r-xp 00000000 08:01 408226                             /usr/lib/jvm/java-8-oracle/bin/java
00600000-00601000 r--p 00000000 08:01 408226                             /usr/lib/jvm/java-8-oracle/bin/java
00601000-00602000 rw-p 00001000 08:01 408226                             /usr/lib/jvm/java-8-oracle/bin/java
01269000-0128a000 rw-p 00000000 00:00 0                                  [heap]
c2a00000-c5780000 rw-p 00000000 00:00 0 
c5780000-eb900000 ---p 00000000 00:00 0 
eb900000-f4a00000 rw-p 00000000 00:00 0 
f6b80000-100000000 ---p 00000000 00:00 0 
100000000-100320000 rw-p 00000000 00:00 0 
100320000-140000000 ---p 00000000 00:00 0 
7fb324000000-7fb324021000 rw-p 00000000 00:00 0 
7fb324021000-7fb328000000 ---p 00000000 00:00 0 
7fb328000000-7fb328021000 rw-p 00000000 00:00 0 
7fb328021000-7fb32c000000 ---p 00000000 00:00 0 
7fb32c000000-7fb32c021000 rw-p 00000000 00:00 0 
7fb32c021000-7fb330000000 ---p 00000000 00:00 0 
7fb330000000-7fb330021000 rw-p 00000000 00:00 0 
7fb330021000-7fb334000000 ---p 00000000 00:00 0 
7fb3343a8000-7fb3344a8000 rw-p 00000000 00:00 0 
7fb3344a8000-7fb3345a8000 ---p 00000000 00:00 0 
7fb3345a8000-7fb3345bb000 r-xp 00000000 08:01 399537                     /lib/x86_64-linux-gnu/libbsd.so.0.8.7
7fb3345bb000-7fb3347ba000 ---p 00013000 08:01 399537                     /lib/x86_64-linux-gnu/libbsd.so.0.8.7
7fb3347ba000-7fb3347bb000 r--p 00012000 08:01 399537                     /lib/x86_64-linux-gnu/libbsd.so.0.8.7
7fb3347bb000-7fb3347bc000 rw-p 00013000 08:01 399537                     /lib/x86_64-linux-gnu/libbsd.so.0.8.7
7fb3347bc000-7fb3347bd000 rw-p 00000000 00:00 0 
7fb3347bd000-7fb3347c2000 r-xp 00000000 08:01 142043                     /usr/lib/x86_64-linux-gnu/libXdmcp.so.6.0.0
7fb3347c2000-7fb3349c1000 ---p 00005000 08:01 142043                     /usr/lib/x86_64-linux-gnu/libXdmcp.so.6.0.0
7fb3349c1000-7fb3349c2000 r--p 00004000 08:01 142043                     /usr/lib/x86_64-linux-gnu/libXdmcp.so.6.0.0
7fb3349c2000-7fb3349c3000 rw-p 00005000 08:01 142043                     /usr/lib/x86_64-linux-gnu/libXdmcp.so.6.0.0
7fb3349c3000-7fb3349c5000 r-xp 00000000 08:01 142032                     /usr/lib/x86_64-linux-gnu/libXau.so.6.0.0
7fb3349c5000-7fb334bc5000 ---p 00002000 08:01 142032                     /usr/lib/x86_64-linux-gnu/libXau.so.6.0.0
7fb334bc5000-7fb334bc6000 r--p 00002000 08:01 142032                     /usr/lib/x86_64-linux-gnu/libXau.so.6.0.0
7fb334bc6000-7fb334bc7000 rw-p 00003000 08:01 142032                     /usr/lib/x86_64-linux-gnu/libXau.so.6.0.0
7fb334bc7000-7fb334bed000 r-xp 00000000 08:01 143236                     /usr/lib/x86_64-linux-gnu/libxcb.so.1.1.0
7fb334bed000-7fb334ded000 ---p 00026000 08:01 143236                     /usr/lib/x86_64-linux-gnu/libxcb.so.1.1.0
7fb334ded000-7fb334dee000 r--p 00026000 08:01 143236                     /usr/lib/x86_64-linux-gnu/libxcb.so.1.1.0
7fb334dee000-7fb334def000 rw-p 00027000 08:01 143236                     /usr/lib/x86_64-linux-gnu/libxcb.so.1.1.0
7fb334def000-7fb334dfe000 r-xp 00000000 08:01 142053                     /usr/lib/x86_64-linux-gnu/libXi.so.6.1.0
7fb334dfe000-7fb334ffd000 ---p 0000f000 08:01 142053                     /usr/lib/x86_64-linux-gnu/libXi.so.6.1.0
7fb334ffd000-7fb334ffe000 r--p 0000e000 08:01 142053                     /usr/lib/x86_64-linux-gnu/libXi.so.6.1.0
7fb334ffe000-7fb334fff000 rw-p 0000f000 08:01 142053                     /usr/lib/x86_64-linux-gnu/libXi.so.6.1.0
7fb334fff000-7fb338000000 rw-p 00000000 00:00 0 
7fb338000000-7fb338021000 rw-p 00000000 00:00 0 
7fb338021000-7fb33c000000 ---p 00000000 00:00 0 
7fb33c000000-7fb33c021000 rw-p 00000000 00:00 0 
7fb33c021000-7fb340000000 ---p 00000000 00:00 0 
7fb340000000-7fb341c1b000 rw-p 00000000 00:00 0 
7fb341c1b000-7fb344000000 ---p 00000000 00:00 0 
7fb344000000-7fb344854000 rw-p 00000000 00:00 0 
7fb344854000-7fb348000000 ---p 00000000 00:00 0 
7fb348000000-7fb348021000 rw-p 00000000 00:00 0 
7fb348021000-7fb34c000000 ---p 00000000 00:00 0 
7fb34c000000-7fb34c021000 rw-p 00000000 00:00 0 
7fb34c021000-7fb350000000 ---p 00000000 00:00 0 
7fb350000000-7fb35029b000 rw-p 00000000 00:00 0 
7fb35029b000-7fb354000000 ---p 00000000 00:00 0 
7fb354000000-7fb354021000 rw-p 00000000 00:00 0 
7fb354021000-7fb358000000 ---p 00000000 00:00 0 
7fb358000000-7fb358021000 rw-p 00000000 00:00 0 
7fb358021000-7fb35c000000 ---p 00000000 00:00 0 
7fb35c0b8000-7fb35c0bd000 r-xp 00000000 08:01 142071                     /usr/lib/x86_64-linux-gnu/libXtst.so.6.1.0
7fb35c0bd000-7fb35c2bc000 ---p 00005000 08:01 142071                     /usr/lib/x86_64-linux-gnu/libXtst.so.6.1.0
7fb35c2bc000-7fb35c2bd000 r--p 00004000 08:01 142071                     /usr/lib/x86_64-linux-gnu/libXtst.so.6.1.0
7fb35c2bd000-7fb35c2be000 rw-p 00005000 08:01 142071                     /usr/lib/x86_64-linux-gnu/libXtst.so.6.1.0
7fb35c2be000-7fb35c2c7000 r-xp 00000000 08:01 142065                     /usr/lib/x86_64-linux-gnu/libXrender.so.1.3.0
7fb35c2c7000-7fb35c4c6000 ---p 00009000 08:01 142065                     /usr/lib/x86_64-linux-gnu/libXrender.so.1.3.0
7fb35c4c6000-7fb35c4c7000 r--p 00008000 08:01 142065                     /usr/lib/x86_64-linux-gnu/libXrender.so.1.3.0
7fb35c4c7000-7fb35c4c8000 rw-p 00009000 08:01 142065                     /usr/lib/x86_64-linux-gnu/libXrender.so.1.3.0
7fb35c4c8000-7fb35c5fb000 r-xp 00000000 08:01 134849                     /usr/lib/x86_64-linux-gnu/libX11.so.6.3.0
7fb35c5fb000-7fb35c7fb000 ---p 00133000 08:01 134849                     /usr/lib/x86_64-linux-gnu/libX11.so.6.3.0
7fb35c7fb000-7fb35c7fc000 r--p 00133000 08:01 134849                     /usr/lib/x86_64-linux-gnu/libX11.so.6.3.0
7fb35c7fc000-7fb35c800000 rw-p 00134000 08:01 134849                     /usr/lib/x86_64-linux-gnu/libX11.so.6.3.0
7fb35c800000-7fb35d000000 rw-p 00000000 00:00 0 
7fb35d0be000-7fb35d0cf000 r-xp 00000000 08:01 142045                     /usr/lib/x86_64-linux-gnu/libXext.so.6.4.0
7fb35d0cf000-7fb35d2ce000 ---p 00011000 08:01 142045                     /usr/lib/x86_64-linux-gnu/libXext.so.6.4.0
7fb35d2ce000-7fb35d2cf000 r--p 00010000 08:01 142045                     /usr/lib/x86_64-linux-gnu/libXext.so.6.4.0
7fb35d2cf000-7fb35d2d0000 rw-p 00011000 08:01 142045                     /usr/lib/x86_64-linux-gnu/libXext.so.6.4.0
7fb35d2d0000-7fb35d323000 r-xp 00000000 08:01 409813                     /usr/lib/jvm/java-8-oracle/jre/lib/amd64/libawt_xawt.so
7fb35d323000-7fb35d522000 ---p 00053000 08:01 409813                     /usr/lib/jvm/java-8-oracle/jre/lib/amd64/libawt_xawt.so
7fb35d522000-7fb35d523000 r--p 00052000 08:01 409813                     /usr/lib/jvm/java-8-oracle/jre/lib/amd64/libawt_xawt.so
7fb35d523000-7fb35d526000 rw-p 00053000 08:01 409813                     /usr/lib/jvm/java-8-oracle/jre/lib/amd64/libawt_xawt.so
7fb35d526000-7fb35d527000 rw-p 00000000 00:00 0 
7fb35d527000-7fb35d5c6000 r-xp 00000000 08:01 409799                     /usr/lib/jvm/java-8-oracle/jre/lib/amd64/libawt.so
7fb35d5c6000-7fb35d7c6000 ---p 0009f000 08:01 409799                     /usr/lib/jvm/java-8-oracle/jre/lib/amd64/libawt.so
7fb35d7c6000-7fb35d7c7000 r--p 0009f000 08:01 409799                     /usr/lib/jvm/java-8-oracle/jre/lib/amd64/libawt.so
7fb35d7c7000-7fb35d7d2000 rw-p 000a0000 08:01 409799                     /usr/lib/jvm/java-8-oracle/jre/lib/amd64/libawt.so
7fb35d7d2000-7fb35d7f7000 rw-p 00000000 00:00 0 
7fb35d7f7000-7fb35d7f9000 r--s 00007000 08:01 947261                     /home/langhanz/.m2/repository/org/apache/maven/shared/maven-filtering/1.0-beta-2/maven-filtering-1.0-beta-2.jar
7fb35d7f9000-7fb35d7fd000 r--s 00035000 08:01 947260                     /home/langhanz/.m2/repository/org/codehaus/plexus/plexus-utils/3.0.8/plexus-utils-3.0.8.jar
7fb35d7fd000-7fb35d7ff000 r--s 00005000 08:01 947258                     /home/langhanz/.m2/repository/xpp3/xpp3_min/1.1.4c/xpp3_min-1.1.4c.jar
7fb35d7ff000-7fb35d800000 r--s 00001000 08:01 947250                     /home/langhanz/.m2/repository/xmlpull/xmlpull/1.1.3.1/xmlpull-1.1.3.1.jar
7fb35d800000-7fb35d80c000 r--s 0006a000 08:01 947252                     /home/langhanz/.m2/repository/com/thoughtworks/xstream/xstream/1.4.3/xstream-1.4.3.jar
7fb35d80c000-7fb35d80e000 r--s 0000d000 08:01 947253                     /home/langhanz/.m2/repository/org/codehaus/plexus/plexus-interpolation/1.15/plexus-interpolation-1.15.jar
7fb35d80e000-7fb35d811000 r--s 0000c000 08:01 947249                     /home/langhanz/.m2/repository/org/codehaus/plexus/plexus-io/2.0.5/plexus-io-2.0.5.jar
7fb35d811000-7fb35d813000 r--s 00004000 08:01 947251                     /home/langhanz/.m2/repository/org/apache/maven/maven-archiver/2.5/maven-archiver-2.5.jar
7fb35d813000-7fb35d815000 r--s 00013000 08:01 813452                     /home/langhanz/.m2/repository/org/apache/maven/plugins/maven-war-plugin/2.3/maven-war-plugin-2.3.jar
7fb35da01000-7fb35da02000 r--s 00002000 08:01 814717                     /home/langhanz/.m2/repository/org/codehaus/plexus/plexus-digest/1.0/plexus-digest-1.0.jar
7fb35da02000-7fb35da03000 r--s 00005000 08:01 669575                     /home/langhanz/.m2/repository/org/apache/maven/plugins/maven-install-plugin/2.3.1/maven-install-plugin-2.3.1.jar
7fb35da03000-7fb35da06000 ---p 00000000 00:00 0 
7fb35da06000-7fb35db04000 rw-p 00000000 00:00 0 
7fb35db04000-7fb35db07000 ---p 00000000 00:00 0 
7fb35db07000-7fb35dc05000 rw-p 00000000 00:00 0 
7fb35dc05000-7fb35dc08000 ---p 00000000 00:00 0 
7fb35dc08000-7fb35dd06000 rw-p 00000000 00:00 0 
7fb35dd06000-7fb35dd09000 ---p 00000000 00:00 0 
7fb35dd09000-7fb35de07000 rw-p 00000000 00:00 0 
7fb35de07000-7fb35de0a000 ---p 00000000 00:00 0 
7fb35de0a000-7fb35df08000 rw-p 00000000 00:00 0 
7fb35df08000-7fb35df0b000 ---p 00000000 00:00 0 
7fb35df0b000-7fb35e009000 rw-p 00000000 00:00 0 
7fb35e009000-7fb35e00c000 ---p 00000000 00:00 0 
7fb35e00c000-7fb35e10a000 rw-p 00000000 00:00 0 
7fb35e10a000-7fb35e10b000 r--s 00002000 08:01 947179                     /home/langhanz/.m2/repository/org/apache/maven/reporting/maven-reporting-api/2.0.9/maven-reporting-api-2.0.9.jar
7fb35e10b000-7fb35e10e000 r--s 00034000 08:01 947177                     /home/langhanz/.m2/repository/org/codehaus/plexus/plexus-utils/2.1/plexus-utils-2.1.jar
7fb35e10e000-7fb35e110000 r--s 00006000 08:01 813625                     /home/langhanz/.m2/repository/org/apache/maven/shared/maven-common-artifact-filters/1.3/maven-common-artifact-filters-1.3.jar
7fb35e110000-7fb35e310000 rw-p 00000000 00:00 0 
7fb35e310000-7fb35e312000 r--s 0000d000 08:01 670440                     /home/langhanz/.m2/repository/org/apache/maven/surefire/maven-surefire-common/2.10/maven-surefire-common-2.10.jar
7fb35e312000-7fb35e317000 r--s 00023000 08:01 670441                     /home/langhanz/.m2/repository/org/apache/maven/surefire/surefire-api/2.10/surefire-api-2.10.jar
7fb35e317000-7fb35e319000 r--s 00007000 08:01 670439                     /home/langhanz/.m2/repository/org/apache/maven/surefire/surefire-booter/2.10/surefire-booter-2.10.jar
7fb35e319000-7fb35e31b000 r--s 00006000 08:01 813445                     /home/langhanz/.m2/repository/org/apache/maven/plugins/maven-surefire-plugin/2.10/maven-surefire-plugin-2.10.jar
7fb35e31b000-7fb35e51b000 rw-p 00000000 00:00 0 
7fb35e51b000-7fb35e71b000 rw-p 00000000 00:00 0 
7fb35e71b000-7fb35e794000 r--s 010fb000 08:01 408333                     /usr/lib/jvm/java-8-oracle/lib/tools.jar
7fb35e794000-7fb35e797000 r--s 0001b000 08:01 947167                     /home/langhanz/.m2/repository/junit/junit/3.8.2/junit-3.8.2.jar
7fb35e797000-7fb35e7a5000 r--s 0008f000 08:01 947166                     /home/langhanz/.m2/repository/com/google/collections/google-collections/1.0/google-collections-1.0.jar
7fb35e7a5000-7fb35e7a6000 r--s 0000a000 08:01 947163                     /home/langhanz/.m2/repository/commons-logging/commons-logging-api/1.1/commons-logging-api-1.1.jar
7fb35e7a6000-7fb35e7ad000 r--s 00051000 08:01 947162                     /home/langhanz/.m2/repository/log4j/log4j/1.2.12/log4j-1.2.12.jar
7fb35e7ad000-7fb35e7b1000 r--s 0001d000 08:01 813614                     /home/langhanz/.m2/repository/org/apache/xbean/xbean-reflect/3.4/xbean-reflect-3.4.jar
7fb35e7b1000-7fb35e7b2000 r--s 00004000 08:01 947161                     /home/langhanz/.m2/repository/org/codehaus/plexus/plexus-compiler-javac/2.2/plexus-compiler-javac-2.2.jar
7fb35e7b2000-7fb35e7b4000 r--s 00000000 08:01 947156                     /home/langhanz/.m2/repository/org/codehaus/plexus/plexus-compiler-manager/2.2/plexus-compiler-manager-2.2.jar
7fb35e7b4000-7fb35e7b6000 r--s 00005000 08:01 947157                     /home/langhanz/.m2/repository/org/codehaus/plexus/plexus-compiler-api/2.2/plexus-compiler-api-2.2.jar
7fb35e7b6000-7fb35e7b8000 r--s 00002000 08:01 947155                     /home/langhanz/.m2/repository/org/apache/maven/shared/maven-shared-incremental/1.1/maven-shared-incremental-1.1.jar
7fb35e7b8000-7fb35e7ba000 r--s 00006000 08:01 670220                     /home/langhanz/.m2/repository/com/google/code/findbugs/jsr305/2.0.1/jsr305-2.0.1.jar
7fb35e7ba000-7fb35e7bd000 r--s 00023000 08:01 670422                     /home/langhanz/.m2/repository/org/apache/maven/shared/maven-shared-utils/0.1/maven-shared-utils-0.1.jar
7fb35e7bd000-7fb35e7c1000 r--s 00030000 08:01 813611                     /home/langhanz/.m2/repository/org/codehaus/plexus/plexus-utils/1.5.1/plexus-utils-1.5.1.jar
7fb35e7c1000-7fb35e7c3000 r--s 00009000 08:01 813438                     /home/langhanz/.m2/repository/org/apache/maven/plugins/maven-compiler-plugin/3.1/maven-compiler-plugin-3.1.jar
7fb35e7c3000-7fb35e7c5000 r--s 0000d000 08:01 947030                     /home/langhanz/.m2/repository/org/codehaus/plexus/plexus-interpolation/1.13/plexus-interpolation-1.13.jar
7fb35e7c5000-7fb35e7c6000 r--s 00001000 08:01 947025                     /home/langhanz/.m2/repository/org/sonatype/plexus/plexus-build-api/0.0.4/plexus-build-api-0.0.4.jar
7fb35e7c6000-7fb35e7c8000 r--s 00009000 08:01 947024                     /home/langhanz/.m2/repository/org/apache/maven/shared/maven-filtering/1.0/maven-filtering-1.0.jar
7fb35e7c8000-7fb35e7c9000 r--s 00001000 08:01 947022                     /home/langhanz/.m2/repository/org/apache/maven/doxia/doxia-sink-api/1.0-alpha-7/doxia-sink-api-1.0-alpha-7.jar
7fb35e7c9000-7fb35e7ca000 r--s 00002000 08:01 947021                     /home/langhanz/.m2/repository/org/apache/maven/reporting/maven-reporting-api/2.0.6/maven-reporting-api-2.0.6.jar
7fb35e7ca000-7fb35e7cc000 r--s 00005000 08:01 813419                     /home/langhanz/.m2/repository/org/apache/maven/plugins/maven-resources-plugin/2.5/maven-resources-plugin-2.5.jar
7fb35e7cc000-7fb35e7da000 r--s 0007f000 08:01 670227                     /home/langhanz/.m2/repository/commons-collections/commons-collections/3.2.1/commons-collections-3.2.1.jar
7fb35e7da000-7fb35e7df000 r--s 00041000 08:01 946944                     /home/langhanz/.m2/repository/commons-lang/commons-lang/2.6/commons-lang-2.6.jar
7fb35e7df000-7fb35e7e1000 r--s 00006000 08:01 670410                     /home/langhanz/.m2/repository/org/apache/maven/shared/maven-invoker/2.0.11/maven-invoker-2.0.11.jar
7fb35e7e1000-7fb35e7e3000 r--s 00006000 08:01 670408                     /home/langhanz/.m2/repository/org/apache/maven/shared/maven-common-artifact-filters/1.4/maven-common-artifact-filters-1.4.jar
7fb35e7e3000-7fb35e7e5000 r--s 0000c000 08:01 946942                     /home/langhanz/.m2/repository/org/apache/maven/shared/maven-dependency-tree/2.0/maven-dependency-tree-2.0.jar
7fb35e7e5000-7fb35e7e7000 r--s 00000000 08:01 813585                     /home/langhanz/.m2/repository/org/codehaus/plexus/plexus-component-annotations/1.5.5/plexus-component-annotations-1.5.5.jar
7fb35e7e7000-7fb35e7e8000 r--s 0000a000 08:01 670406                     /home/langhanz/.m2/repository/asm/asm/3.3.1/asm-3.3.1.jar
7fb35e7e8000-7fb35e7ea000 r--s 00005000 08:01 946939                     /home/langhanz/.m2/repository/org/apache/maven/shared/maven-dependency-analyzer/1.3/maven-dependency-analyzer-1.3.jar
7fb35e7ea000-7fb35e7ed000 r--s 0000c000 08:01 813584                     /home/langhanz/.m2/repository/org/codehaus/plexus/plexus-io/2.0.6/plexus-io-2.0.6.jar
7fb35e7ed000-7fb35e7f0000 r--s 0001b000 08:01 813583                     /home/langhanz/.m2/repository/junit/junit/3.8.1/junit-3.8.1.jar
7fb35e7f0000-7fb35e7f2000 r--s 00008000 08:01 946936                     /home/langhanz/.m2/repository/org/apache/maven/shared/maven-shared-io/1.1/maven-shared-io-1.1.jar
7fb35e7f2000-7fb35e7f4000 r--s 00008000 08:01 946935                     /home/langhanz/.m2/repository/org/apache/maven/shared/file-management/1.2.1/file-management-1.2.1.jar
7fb35e7f4000-7fb35e7f8000 r--s 00035000 08:01 946934                     /home/langhanz/.m2/repository/org/codehaus/plexus/plexus-utils/3.0.9/plexus-utils-3.0.9.jar
7fb35e7f8000-7fb35e7fd000 r--s 00029000 08:01 813580                     /home/langhanz/.m2/repository/org/codehaus/plexus/plexus-archiver/2.2/plexus-archiver-2.2.jar
7fb35e7fd000-7fb35e7ff000 r--s 00004000 08:01 946929                     /home/langhanz/.m2/repository/org/apache/maven/doxia/doxia-module-xhtml/1.0/doxia-module-xhtml-1.0.jar
7fb35e7ff000-7fb35e800000 r--s 00006000 08:01 946928                     /home/langhanz/.m2/repository/org/apache/maven/doxia/doxia-module-xdoc/1.0/doxia-module-xdoc-1.0.jar
7fb35e800000-7fb35e801000 r--s 00004000 08:01 946927                     /home/langhanz/.m2/repository/org/apache/maven/doxia/doxia-module-fml/1.0/doxia-module-fml-1.0.jar
7fb35e801000-7fb35e803000 r--s 0000a000 08:01 946924                     /home/langhanz/.m2/repository/org/apache/maven/doxia/doxia-module-apt/1.0/doxia-module-apt-1.0.jar
7fb35e803000-7fb35e804000 r--s 0000b000 08:01 946923                     /home/langhanz/.m2/repository/org/apache/maven/doxia/doxia-decoration-model/1.0/doxia-decoration-model-1.0.jar
7fb35e804000-7fb35e80c000 r--s 00058000 08:01 813578                     /home/langhanz/.m2/repository/org/apache/velocity/velocity/1.5/velocity-1.5.jar
7fb35e80c000-7fb35e80d000 r--s 00001000 08:01 670404                     /home/langhanz/.m2/repository/org/codehaus/plexus/plexus-velocity/1.1.7/plexus-velocity-1.1.7.jar
7fb35e80d000-7fb35e80e000 r--s 00002000 08:01 813576                     /home/langhanz/.m2/repository/org/codehaus/plexus/plexus-i18n/1.0-beta-7/plexus-i18n-1.0-beta-7.jar
7fb35e80e000-7fb35e810000 r--s 0000a000 08:01 946920                     /home/langhanz/.m2/repository/org/apache/maven/doxia/doxia-site-renderer/1.0/doxia-site-renderer-1.0.jar
7fb35e810000-7fb35e811000 r--s 00002000 08:01 946917                     /home/langhanz/.m2/repository/org/apache/maven/doxia/doxia-sink-api/1.0/doxia-sink-api-1.0.jar
7fb35e811000-7fb35e816000 r--s 00016000 08:01 670168                     /home/langhanz/.m2/repository/xml-apis/xml-apis/1.0.b2/xml-apis-1.0.b2.jar
7fb35e816000-7fb35e818000 r--s 0000e000 08:01 946916                     /home/langhanz/.m2/repository/oro/oro/2.0.8/oro-2.0.8.jar
7fb35e818000-7fb35e81a000 r--s 00008000 08:01 946915                     /home/langhanz/.m2/repository/commons-logging/commons-logging/1.0.4/commons-logging-1.0.4.jar
7fb35e81a000-7fb35e81e000 r--s 00026000 08:01 946911                     /home/langhanz/.m2/repository/commons-digester/commons-digester/1.6/commons-digester-1.6.jar
7fb35e81e000-7fb35e823000 r--s 0002a000 08:01 946910                     /home/langhanz/.m2/repository/commons-beanutils/commons-beanutils/1.7.0/commons-beanutils-1.7.0.jar
7fb35e823000-7fb35e826000 r--s 00014000 08:01 946909                     /home/langhanz/.m2/repository/commons-validator/commons-validator/1.2.0/commons-validator-1.2.0.jar
7fb35e826000-7fb35e829000 r--s 00018000 08:01 670401                     /home/langhanz/.m2/repository/commons-io/commons-io/1.4/commons-io-1.4.jar
7fb35e829000-7fb35e82b000 r--s 00009000 08:01 946905                     /home/langhanz/.m2/repository/org/apache/maven/shared/maven-doxia-tools/1.0.2/maven-doxia-tools-1.0.2.jar
7fb35e82b000-7fb35e82e000 r--s 0000b000 08:01 946904                     /home/langhanz/.m2/repository/org/apache/maven/doxia/doxia-core/1.0/doxia-core-1.0.jar
7fb35e82e000-7fb35e830000 r--s 00004000 08:01 946903                     /home/langhanz/.m2/repository/org/apache/maven/reporting/maven-reporting-impl/2.0.5/maven-reporting-impl-2.0.5.jar
7fb35e830000-7fb35e831000 r--s 00002000 08:01 946902                     /home/langhanz/.m2/repository/org/apache/maven/reporting/maven-reporting-api/3.0/maven-reporting-api-3.0.jar
7fb35e831000-7fb35e833000 r--s 00002000 08:01 670400                     /home/langhanz/.m2/repository/org/codehaus/plexus/plexus-interactivity-api/1.0-alpha-4/plexus-interactivity-api-1.0-alpha-4.jar
7fb35e833000-7fb35e835000 r--s 00006000 08:01 813574                     /home/langhanz/.m2/repository/commons-cli/commons-cli/1.0/commons-cli-1.0.jar
7fb35e835000-7fb35e838000 r--s 00021000 08:01 813404                     /home/langhanz/.m2/repository/org/apache/maven/plugins/maven-dependency-plugin/2.6/maven-dependency-plugin-2.6.jar
7fb35e838000-7fb35ea38000 rw-p 00000000 00:00 0 
7fb35ea38000-7fb35ea3c000 r--s 00033000 08:01 947023                     /home/langhanz/.m2/repository/org/codehaus/plexus/plexus-utils/2.0.5/plexus-utils-2.0.5.jar
7fb35ea3c000-7fb35ea3d000 r--s 00005000 08:01 669568                     /home/langhanz/.m2/repository/org/apache/maven/plugins/maven-clean-plugin/2.4.1/maven-clean-plugin-2.4.1.jar
7fb35ea3d000-7fb35ea4e000 r-xp 00000000 08:01 409809                     /usr/lib/jvm/java-8-oracle/jre/lib/amd64/libnio.so
7fb35ea4e000-7fb35ec4d000 ---p 00011000 08:01 409809                     /usr/lib/jvm/java-8-oracle/jre/lib/amd64/libnio.so
7fb35ec4d000-7fb35ec4e000 r--p 00010000 08:01 409809                     /usr/lib/jvm/java-8-oracle/jre/lib/amd64/libnio.so
7fb35ec4e000-7fb35ec4f000 rw-p 00011000 08:01 409809                     /usr/lib/jvm/java-8-oracle/jre/lib/amd64/libnio.so
7fb35ec4f000-7fb35ec65000 r-xp 00000000 08:01 409806                     /usr/lib/jvm/java-8-oracle/jre/lib/amd64/libnet.so
7fb35ec65000-7fb35ee64000 ---p 00016000 08:01 409806                     /usr/lib/jvm/java-8-oracle/jre/lib/amd64/libnet.so
7fb35ee64000-7fb35ee65000 r--p 00015000 08:01 409806                     /usr/lib/jvm/java-8-oracle/jre/lib/amd64/libnet.so
7fb35ee65000-7fb35ee66000 rw-p 00016000 08:01 409806                     /usr/lib/jvm/java-8-oracle/jre/lib/amd64/libnet.so
7fb35ee66000-7fb35ee69000 ---p 00000000 00:00 0 
7fb35ee69000-7fb35ee9f000 rw-p 00000000 00:00 0 
7fb35ee9f000-7fb35eea0000 r--p 00000000 00:00 0 
7fb35eea0000-7fb35f0a0000 rw-p 00000000 00:00 0 
7fb35f0a0000-7fb35f0a5000 r--s 000a0000 08:01 409744                     /usr/lib/jvm/java-8-oracle/jre/lib/jsse.jar
7fb35f0a5000-7fb35f2a5000 rw-p 00000000 00:00 0 
7fb35f2a5000-7fb35f2a7000 r--s 0000d000 08:01 539226                     /usr/local/netbeans-8.2/java/maven-nblib/netbeans-eventspy.jar
7fb35f2a7000-7fb35f2ae000 r--s 0002b000 08:01 539177                     /usr/local/netbeans-8.2/java/maven/lib/sisu-inject-plexus-2.3.0.jar
7fb35f2ae000-7fb35f2b0000 r--s 0000b000 08:01 539216                     /usr/local/netbeans-8.2/java/maven/lib/maven-artifact-3.0.5.jar
7fb35f2b0000-7fb35f2bc000 r--s 0007d000 08:01 539243                     /usr/local/netbeans-8.2/java/maven/lib/maven-core-3.0.5.jar
7fb35f2bc000-7fb35f2be000 r--s 0000c000 08:01 539121                     /usr/local/netbeans-8.2/java/maven/lib/maven-aether-provider-3.0.5.jar
7fb35f2be000-7fb35f2c1000 r--s 0001d000 08:01 539230                     /usr/local/netbeans-8.2/java/maven/lib/aether-impl-1.13.1.jar
7fb35f2c1000-7fb35f2c3000 r--s 00000000 08:01 538887                     /usr/local/netbeans-8.2/java/maven/lib/plexus-component-annotations-1.5.5.jar
7fb35f2c3000-7fb35f2c5000 r--s 0000b000 08:01 539202                     /usr/local/netbeans-8.2/java/maven/lib/maven-plugin-api-3.0.5.jar
7fb35f2c5000-7fb35f2c7000 r--s 00009000 08:01 539247                     /usr/local/netbeans-8.2/java/maven/lib/commons-cli-1.2.jar
7fb35f2c7000-7fb35f2cb000 r--s 00013000 08:01 539237                     /usr/local/netbeans-8.2/java/maven/lib/aether-api-1.13.1.jar
7fb35f2cb000-7fb35f2d3000 r--s 00050000 08:01 539188                     /usr/local/netbeans-8.2/java/maven/lib/sisu-guice-3.1.0-no_aop.jar
7fb35f2d3000-7fb35f2d5000 r--s 00002000 08:01 539236                     /usr/local/netbeans-8.2/java/maven/lib/plexus-cipher-1.7.jar
7fb35f2d5000-7fb35f2d7000 r--s 0000b000 08:01 539189                     /usr/local/netbeans-8.2/java/maven/lib/wagon-provider-api-2.10.jar
7fb35f2d7000-7fb35f2d9000 r--s 0000a000 08:01 539218                     /usr/local/netbeans-8.2/java/maven/lib/maven-settings-3.0.5.jar
7fb35f2d9000-7fb35f2e0000 r--s 0003f000 08:01 539203                     /usr/local/netbeans-8.2/java/maven/lib/sisu-inject-bean-2.3.0.jar
7fb35f2e0000-7fb35f2ff000 r--s 00154000 08:01 539244                     /usr/local/netbeans-8.2/java/maven/lib/sisu-guava-0.9.9.jar
7fb35f2ff000-7fb35f32e000 r--s 001c8000 08:01 539201                     /usr/local/netbeans-8.2/java/maven/lib/wagon-http-2.10-shaded.jar
7fb35f32e000-7fb35f32f000 ---p 00000000 00:00 0 
7fb35f32f000-7fb35f42f000 rw-p 00000000 00:00 0 
7fb35f42f000-7fb35f432000 ---p 00000000 00:00 0 
7fb35f432000-7fb35f530000 rw-p 00000000 00:00 0 
7fb35f530000-7fb35f531000 ---p 00000000 00:00 0 
7fb35f531000-7fb35f534000 ---p 00000000 00:00 0 
7fb35f534000-7fb35f631000 rw-p 00000000 00:00 0 
7fb35f631000-7fb360000000 r--p 00000000 08:01 137927                     /usr/lib/locale/locale-archive
7fb360000000-7fb360021000 rw-p 00000000 00:00 0 
7fb360021000-7fb364000000 ---p 00000000 00:00 0 
7fb364000000-7fb364001000 r--s 00002000 08:01 539246                     /usr/local/netbeans-8.2/java/maven/lib/wagon-file-2.10.jar
7fb364001000-7fb364005000 r--s 00033000 08:01 539229                     /usr/local/netbeans-8.2/java/maven/lib/plexus-utils-2.0.6.jar
7fb364005000-7fb364007000 r--s 00026000 08:01 539235                     /usr/local/netbeans-8.2/java/maven/lib/maven-model-3.0.5.jar
7fb364007000-7fb364009000 r--s 00006000 08:01 539074                     /usr/local/netbeans-8.2/java/maven/lib/aether-connector-wagon-1.13.1.jar
7fb364009000-7fb36400b000 r--s 00006000 08:01 539008                     /usr/local/netbeans-8.2/java/maven/lib/maven-repository-metadata-3.0.5.jar
7fb36400b000-7fb36400e000 r--s 00008000 08:01 539103                     /usr/local/netbeans-8.2/java/maven/lib/maven-settings-builder-3.0.5.jar
7fb36400e000-7fb364012000 r--s 00021000 08:01 539156                     /usr/local/netbeans-8.2/java/maven/lib/maven-model-builder-3.0.5.jar
7fb364012000-7fb364014000 r--s 0000d000 08:01 539158                     /usr/local/netbeans-8.2/java/maven/lib/plexus-interpolation-1.14.jar
7fb364014000-7fb364018000 r--s 0001c000 08:01 539231                     /usr/local/netbeans-8.2/java/maven/lib/aether-util-1.13.1.jar
7fb364018000-7fb364019000 ---p 00000000 00:00 0 
7fb364019000-7fb36401c000 ---p 00000000 00:00 0 
7fb36401c000-7fb364119000 rw-p 00000000 00:00 0 
7fb364119000-7fb36411c000 ---p 00000000 00:00 0 
7fb36411c000-7fb36421a000 rw-p 00000000 00:00 0 
7fb36421a000-7fb36421d000 ---p 00000000 00:00 0 
7fb36421d000-7fb36431b000 rw-p 00000000 00:00 0 
7fb36431b000-7fb36431e000 ---p 00000000 00:00 0 
7fb36431e000-7fb36441c000 rw-p 00000000 00:00 0 
7fb36441c000-7fb36441d000 ---p 00000000 00:00 0 
7fb36441d000-7fb364e26000 rw-p 00000000 00:00 0 
7fb364e26000-7fb365000000 r--s 03d6c000 08:01 409705                     /usr/lib/jvm/java-8-oracle/jre/lib/rt.jar
7fb365000000-7fb365b30000 rwxp 00000000 00:00 0 
7fb365b30000-7fb374000000 ---p 00000000 00:00 0 
7fb374000000-7fb374ee7000 rw-p 00000000 00:00 0 
7fb374ee7000-7fb378000000 ---p 00000000 00:00 0 
7fb378000000-7fb378001000 r--s 00003000 08:01 539238                     /usr/local/netbeans-8.2/java/maven/lib/aether-spi-1.13.1.jar
7fb378001000-7fb37a175000 rw-p 00000000 00:00 0 
7fb37a175000-7fb37a176000 ---p 00000000 00:00 0 
7fb37a176000-7fb37a276000 rw-p 00000000 00:00 0 
7fb37a276000-7fb37a277000 ---p 00000000 00:00 0 
7fb37a277000-7fb37a38e000 rw-p 00000000 00:00 0 
7fb37a38e000-7fb37a4bf000 ---p 00000000 00:00 0 
7fb37a4bf000-7fb37a4d6000 rw-p 00000000 00:00 0 
7fb37a4d6000-7fb37a606000 ---p 00000000 00:00 0 
7fb37a606000-7fb37a64f000 rw-p 00000000 00:00 0 
7fb37a64f000-7fb37a6aa000 ---p 00000000 00:00 0 
7fb37a6aa000-7fb37a6d8000 rw-p 00000000 00:00 0 
7fb37a6d8000-7fb37aa6b000 ---p 00000000 00:00 0 
7fb37aa6b000-7fb37aa85000 r-xp 00000000 08:01 409802                     /usr/lib/jvm/java-8-oracle/jre/lib/amd64/libzip.so
7fb37aa85000-7fb37ac85000 ---p 0001a000 08:01 409802                     /usr/lib/jvm/java-8-oracle/jre/lib/amd64/libzip.so
7fb37ac85000-7fb37ac86000 r--p 0001a000 08:01 409802                     /usr/lib/jvm/java-8-oracle/jre/lib/amd64/libzip.so
7fb37ac86000-7fb37ac87000 rw-p 0001b000 08:01 409802                     /usr/lib/jvm/java-8-oracle/jre/lib/amd64/libzip.so
7fb37ac87000-7fb37ac92000 r-xp 00000000 08:01 399631                     /lib/x86_64-linux-gnu/libnss_files-2.27.so
7fb37ac92000-7fb37ae91000 ---p 0000b000 08:01 399631                     /lib/x86_64-linux-gnu/libnss_files-2.27.so
7fb37ae91000-7fb37ae92000 r--p 0000a000 08:01 399631                     /lib/x86_64-linux-gnu/libnss_files-2.27.so
7fb37ae92000-7fb37ae93000 rw-p 0000b000 08:01 399631                     /lib/x86_64-linux-gnu/libnss_files-2.27.so
7fb37ae93000-7fb37ae99000 rw-p 00000000 00:00 0 
7fb37ae99000-7fb37aeb0000 r-xp 00000000 08:01 399625                     /lib/x86_64-linux-gnu/libnsl-2.27.so
7fb37aeb0000-7fb37b0af000 ---p 00017000 08:01 399625                     /lib/x86_64-linux-gnu/libnsl-2.27.so
7fb37b0af000-7fb37b0b0000 r--p 00016000 08:01 399625                     /lib/x86_64-linux-gnu/libnsl-2.27.so
7fb37b0b0000-7fb37b0b1000 rw-p 00017000 08:01 399625                     /lib/x86_64-linux-gnu/libnsl-2.27.so
7fb37b0b1000-7fb37b0b3000 rw-p 00000000 00:00 0 
7fb37b0b3000-7fb37b0be000 r-xp 00000000 08:01 399642                     /lib/x86_64-linux-gnu/libnss_nis-2.27.so
7fb37b0be000-7fb37b2bd000 ---p 0000b000 08:01 399642                     /lib/x86_64-linux-gnu/libnss_nis-2.27.so
7fb37b2bd000-7fb37b2be000 r--p 0000a000 08:01 399642                     /lib/x86_64-linux-gnu/libnss_nis-2.27.so
7fb37b2be000-7fb37b2bf000 rw-p 0000b000 08:01 399642                     /lib/x86_64-linux-gnu/libnss_nis-2.27.so
7fb37b2bf000-7fb37b2c7000 r-xp 00000000 08:01 399627                     /lib/x86_64-linux-gnu/libnss_compat-2.27.so
7fb37b2c7000-7fb37b4c7000 ---p 00008000 08:01 399627                     /lib/x86_64-linux-gnu/libnss_compat-2.27.so
7fb37b4c7000-7fb37b4c8000 r--p 00008000 08:01 399627                     /lib/x86_64-linux-gnu/libnss_compat-2.27.so
7fb37b4c8000-7fb37b4c9000 rw-p 00009000 08:01 399627                     /lib/x86_64-linux-gnu/libnss_compat-2.27.so
7fb37b4c9000-7fb37b4f6000 r-xp 00000000 08:01 409796                     /usr/lib/jvm/java-8-oracle/jre/lib/amd64/libjava.so
7fb37b4f6000-7fb37b6f5000 ---p 0002d000 08:01 409796                     /usr/lib/jvm/java-8-oracle/jre/lib/amd64/libjava.so
7fb37b6f5000-7fb37b6f6000 r--p 0002c000 08:01 409796                     /usr/lib/jvm/java-8-oracle/jre/lib/amd64/libjava.so
7fb37b6f6000-7fb37b6f8000 rw-p 0002d000 08:01 409796                     /usr/lib/jvm/java-8-oracle/jre/lib/amd64/libjava.so
7fb37b6f8000-7fb37b705000 r-xp 00000000 08:01 409801                     /usr/lib/jvm/java-8-oracle/jre/lib/amd64/libverify.so
7fb37b705000-7fb37b904000 ---p 0000d000 08:01 409801                     /usr/lib/jvm/java-8-oracle/jre/lib/amd64/libverify.so
7fb37b904000-7fb37b906000 r--p 0000c000 08:01 409801                     /usr/lib/jvm/java-8-oracle/jre/lib/amd64/libverify.so
7fb37b906000-7fb37b907000 rw-p 0000e000 08:01 409801                     /usr/lib/jvm/java-8-oracle/jre/lib/amd64/libverify.so
7fb37b907000-7fb37b90e000 r-xp 00000000 08:01 399682                     /lib/x86_64-linux-gnu/librt-2.27.so
7fb37b90e000-7fb37bb0d000 ---p 00007000 08:01 399682                     /lib/x86_64-linux-gnu/librt-2.27.so
7fb37bb0d000-7fb37bb0e000 r--p 00006000 08:01 399682                     /lib/x86_64-linux-gnu/librt-2.27.so
7fb37bb0e000-7fb37bb0f000 rw-p 00007000 08:01 399682                     /lib/x86_64-linux-gnu/librt-2.27.so
7fb37bb0f000-7fb37bcac000 r-xp 00000000 08:01 399604                     /lib/x86_64-linux-gnu/libm-2.27.so
7fb37bcac000-7fb37beab000 ---p 0019d000 08:01 399604                     /lib/x86_64-linux-gnu/libm-2.27.so
7fb37beab000-7fb37beac000 r--p 0019c000 08:01 399604                     /lib/x86_64-linux-gnu/libm-2.27.so
7fb37beac000-7fb37bead000 rw-p 0019d000 08:01 399604                     /lib/x86_64-linux-gnu/libm-2.27.so
7fb37bead000-7fb37cb8f000 r-xp 00000000 08:01 409778                     /usr/lib/jvm/java-8-oracle/jre/lib/amd64/server/libjvm.so
7fb37cb8f000-7fb37cd8f000 ---p 00ce2000 08:01 409778                     /usr/lib/jvm/java-8-oracle/jre/lib/amd64/server/libjvm.so
7fb37cd8f000-7fb37ce25000 r--p 00ce2000 08:01 409778                     /usr/lib/jvm/java-8-oracle/jre/lib/amd64/server/libjvm.so
7fb37ce25000-7fb37ce56000 rw-p 00d78000 08:01 409778                     /usr/lib/jvm/java-8-oracle/jre/lib/amd64/server/libjvm.so
7fb37ce56000-7fb37ce91000 rw-p 00000000 00:00 0 
7fb37ce91000-7fb37d078000 r-xp 00000000 08:01 399541                     /lib/x86_64-linux-gnu/libc-2.27.so
7fb37d078000-7fb37d278000 ---p 001e7000 08:01 399541                     /lib/x86_64-linux-gnu/libc-2.27.so
7fb37d278000-7fb37d27c000 r--p 001e7000 08:01 399541                     /lib/x86_64-linux-gnu/libc-2.27.so
7fb37d27c000-7fb37d27e000 rw-p 001eb000 08:01 399541                     /lib/x86_64-linux-gnu/libc-2.27.so
7fb37d27e000-7fb37d282000 rw-p 00000000 00:00 0 
7fb37d282000-7fb37d285000 r-xp 00000000 08:01 399564                     /lib/x86_64-linux-gnu/libdl-2.27.so
7fb37d285000-7fb37d484000 ---p 00003000 08:01 399564                     /lib/x86_64-linux-gnu/libdl-2.27.so
7fb37d484000-7fb37d485000 r--p 00002000 08:01 399564                     /lib/x86_64-linux-gnu/libdl-2.27.so
7fb37d485000-7fb37d486000 rw-p 00003000 08:01 399564                     /lib/x86_64-linux-gnu/libdl-2.27.so
7fb37d486000-7fb37d49d000 r-xp 00000000 08:01 408902                     /usr/lib/jvm/java-8-oracle/lib/amd64/jli/libjli.so
7fb37d49d000-7fb37d69c000 ---p 00017000 08:01 408902                     /usr/lib/jvm/java-8-oracle/lib/amd64/jli/libjli.so
7fb37d69c000-7fb37d69d000 r--p 00016000 08:01 408902                     /usr/lib/jvm/java-8-oracle/lib/amd64/jli/libjli.so
7fb37d69d000-7fb37d69e000 rw-p 00017000 08:01 408902                     /usr/lib/jvm/java-8-oracle/lib/amd64/jli/libjli.so
7fb37d69e000-7fb37d6b8000 r-xp 00000000 08:01 399674                     /lib/x86_64-linux-gnu/libpthread-2.27.so
7fb37d6b8000-7fb37d8b7000 ---p 0001a000 08:01 399674                     /lib/x86_64-linux-gnu/libpthread-2.27.so
7fb37d8b7000-7fb37d8b8000 r--p 00019000 08:01 399674                     /lib/x86_64-linux-gnu/libpthread-2.27.so
7fb37d8b8000-7fb37d8b9000 rw-p 0001a000 08:01 399674                     /lib/x86_64-linux-gnu/libpthread-2.27.so
7fb37d8b9000-7fb37d8bd000 rw-p 00000000 00:00 0 
7fb37d8bd000-7fb37d8e4000 r-xp 00000000 08:01 399513                     /lib/x86_64-linux-gnu/ld-2.27.so
7fb37d8e4000-7fb37d8e5000 r--s 0000a000 08:01 539217                     /usr/local/netbeans-8.2/java/maven/lib/maven-embedder-3.0.5.jar
7fb37d8e5000-7fb37d8e6000 r--s 00002000 08:01 539204                     /usr/local/netbeans-8.2/java/maven/lib/wagon-http-shared-2.10.jar
7fb37d8e6000-7fb37d9cc000 rw-p 00000000 00:00 0 
7fb37d9cc000-7fb37d9cd000 ---p 00000000 00:00 0 
7fb37d9cd000-7fb37d9d0000 ---p 00000000 00:00 0 
7fb37d9d0000-7fb37dacf000 rw-p 00000000 00:00 0 
7fb37dacf000-7fb37dad5000 r--s 0003f000 08:01 539232                     /usr/local/netbeans-8.2/java/maven/lib/maven-compat-3.0.5.jar
7fb37dad5000-7fb37dad6000 r--s 00006000 08:01 539157                     /usr/local/netbeans-8.2/java/maven/lib/plexus-sec-dispatcher-1.3.jar
7fb37dad6000-7fb37dad8000 r--s 0000a000 08:01 539191                     /usr/local/netbeans-8.2/java/maven/boot/plexus-classworlds-2.4.jar
7fb37dad8000-7fb37dae0000 rw-s 00000000 08:01 401387                     /tmp/hsperfdata_langhanz/34502
7fb37dae0000-7fb37dae1000 rw-p 00000000 00:00 0 
7fb37dae1000-7fb37dae2000 ---p 00000000 00:00 0 
7fb37dae2000-7fb37dae4000 rw-p 00000000 00:00 0 
7fb37dae4000-7fb37dae5000 r--p 00027000 08:01 399513                     /lib/x86_64-linux-gnu/ld-2.27.so
7fb37dae5000-7fb37dae6000 rw-p 00028000 08:01 399513                     /lib/x86_64-linux-gnu/ld-2.27.so
7fb37dae6000-7fb37dae7000 rw-p 00000000 00:00 0 
7fffa6a15000-7fffa6a36000 rw-p 00000000 00:00 0                          [stack]
7fffa6b26000-7fffa6b29000 r--p 00000000 00:00 0                          [vvar]
7fffa6b29000-7fffa6b2b000 r-xp 00000000 00:00 0                          [vdso]
ffffffffff600000-ffffffffff601000 r-xp 00000000 00:00 0                  [vsyscall]

VM Arguments:
jvm_args: -Dclassworlds.conf=/usr/local/netbeans-8.2/java/maven/bin/m2.conf -Dmaven.home=/usr/local/netbeans-8.2/java/maven 
java_command: org.codehaus.plexus.classworlds.launcher.Launcher -Dmaven.ext.class.path=/usr/local/netbeans-8.2/java/maven-nblib/netbeans-eventspy.jar clean install
java_class_path (initial): /usr/local/netbeans-8.2/java/maven/boot/plexus-classworlds-2.4.jar
Launcher Type: SUN_STANDARD

Environment Variables:
JAVA_HOME=/usr/lib/jvm/java-8-oracle
PATH=/usr/local/apache-maven/bin:/usr/local/sbin:/usr/local/bin:/usr/sbin:/usr/bin:/sbin:/bin:/usr/games:/usr/local/games:/snap/bin:/usr/lib/jvm/java-8-oracle/bin:/usr/lib/jvm/java-8-oracle/db/bin:/usr/lib/jvm/java-8-oracle/jre/bin
USERNAME=langhanz
LD_LIBRARY_PATH=/usr/lib/jvm/java-8-oracle/jre/lib/amd64:/usr/lib/jvm/java-8-oracle/jre/lib/i386:
SHELL=/bin/bash
DISPLAY=:0

Signal Handlers:
SIGSEGV: [libjvm.so+0xaced60], sa_mask[0]=11111111011111111101111111111110, sa_flags=SA_RESTART|SA_SIGINFO
SIGBUS: [libjvm.so+0xaced60], sa_mask[0]=11111111011111111101111111111110, sa_flags=SA_RESTART|SA_SIGINFO
SIGFPE: [libjvm.so+0x907ca0], sa_mask[0]=11111111011111111101111111111110, sa_flags=SA_RESTART|SA_SIGINFO
SIGPIPE: [libjvm.so+0x907ca0], sa_mask[0]=11111111011111111101111111111110, sa_flags=SA_RESTART|SA_SIGINFO
SIGXFSZ: [libjvm.so+0x907ca0], sa_mask[0]=11111111011111111101111111111110, sa_flags=SA_RESTART|SA_SIGINFO
SIGILL: [libjvm.so+0x907ca0], sa_mask[0]=11111111011111111101111111111110, sa_flags=SA_RESTART|SA_SIGINFO
SIGUSR1: SIG_DFL, sa_mask[0]=00000000000000000000000000000000, sa_flags=none
SIGUSR2: [libjvm.so+0x907b70], sa_mask[0]=00100000000000000000000000000000, sa_flags=SA_RESTART|SA_SIGINFO
SIGHUP: [libjvm.so+0x908190], sa_mask[0]=11111111011111111101111111111110, sa_flags=SA_RESTART|SA_SIGINFO
SIGINT: SIG_IGN, sa_mask[0]=00000000000000000000000000000000, sa_flags=none
SIGTERM: [libjvm.so+0x908190], sa_mask[0]=11111111011111111101111111111110, sa_flags=SA_RESTART|SA_SIGINFO
SIGQUIT: [libjvm.so+0x908190], sa_mask[0]=11111111011111111101111111111110, sa_flags=SA_RESTART|SA_SIGINFO


---------------  S Y S T E M  ---------------

OS:DISTRIB_ID=Ubuntu
DISTRIB_RELEASE=18.04
DISTRIB_CODENAME=bionic
DISTRIB_DESCRIPTION="Ubuntu 18.04.1 LTS"

uname:Linux 4.15.0-36-generic #39-Ubuntu SMP Mon Sep 24 16:19:09 UTC 2018 x86_64
libc:glibc 2.27 NPTL 2.27 
rlimit: STACK 8192k, CORE 0k, NPROC 15449, NOFILE 1048576, AS infinity
load average:11.07 3.82 1.67

/proc/meminfo:
MemTotal:        4015672 kB
MemFree:           86912 kB
MemAvailable:          0 kB
Buffers:             172 kB
Cached:            70864 kB
SwapCached:         1456 kB
Active:          2514392 kB
Inactive:         633640 kB
Active(anon):    2510596 kB
Inactive(anon):   627800 kB
Active(file):       3796 kB
Inactive(file):     5840 kB
Unevictable:          16 kB
Mlocked:              16 kB
SwapTotal:        969960 kB
SwapFree:              0 kB
Dirty:                28 kB
Writeback:            88 kB
AnonPages:       3076348 kB
Mapped:            66372 kB
Shmem:             61280 kB
Slab:             134976 kB
SReclaimable:      51712 kB
SUnreclaim:        83264 kB
KernelStack:       17952 kB
PageTables:        65952 kB
NFS_Unstable:          0 kB
Bounce:                0 kB
WritebackTmp:          0 kB
CommitLimit:     2977796 kB
Committed_AS:    9705384 kB
VmallocTotal:   34359738367 kB
VmallocUsed:           0 kB
VmallocChunk:          0 kB
HardwareCorrupted:     0 kB
AnonHugePages:         0 kB
ShmemHugePages:        0 kB
ShmemPmdMapped:        0 kB
CmaTotal:              0 kB
CmaFree:               0 kB
HugePages_Total:       0
HugePages_Free:        0
HugePages_Rsvd:        0
HugePages_Surp:        0
Hugepagesize:       2048 kB
DirectMap4k:      411456 kB
DirectMap2M:     3782656 kB

container (cgroup) information:
container_type: cgroupv1
cpu_cpuset_cpus: 0-1
cpu_memory_nodes: 0
active_processor_count: 2
cpu_quota: -1
cpu_period: 100000
cpu_shares: -1
memory_limit_in_bytes: -1
memory_and_swap_limit_in_bytes: -2
memory_soft_limit_in_bytes: -1
memory_usage_in_bytes: 3223453696
memory_max_usage_in_bytes: 375222272


CPU:total 2 (initial active 2) (1 cores per cpu, 1 threads per core) family 6 model 58 stepping 9, cmov, cx8, fxsr, mmx, sse, sse2, sse3, ssse3, sse4.1, sse4.2, popcnt, avx, aes, clmul, erms, tsc, tscinvbit, tscinv

/proc/cpuinfo:
processor	: 0
vendor_id	: GenuineIntel
cpu family	: 6
model		: 58
model name	: Intel(R) Core(TM) i5-3550 CPU @ 3.30GHz
stepping	: 9
microcode	: 0x1f
cpu MHz		: 3701.000
cache size	: 6144 KB
physical id	: 0
siblings	: 1
core id		: 0
cpu cores	: 1
apicid		: 0
initial apicid	: 0
fpu		: yes
fpu_exception	: yes
cpuid level	: 13
wp		: yes
flags		: fpu vme de pse tsc msr pae mce cx8 apic sep mtrr pge mca cmov pat pse36 clflush mmx fxsr sse sse2 ss syscall nx rdtscp lm constant_tsc arch_perfmon nopl xtopology tsc_reliable nonstop_tsc cpuid pni pclmulqdq ssse3 cx16 pcid sse4_1 sse4_2 x2apic popcnt tsc_deadline_timer aes xsave avx f16c rdrand hypervisor lahf_lm cpuid_fault pti ibrs ibpb stibp fsgsbase tsc_adjust smep arat arch_capabilities
bugs		: cpu_meltdown spectre_v1 spectre_v2 spec_store_bypass l1tf
bogomips	: 7402.00
clflush size	: 64
cache_alignment	: 64
address sizes	: 43 bits physical, 48 bits virtual
power management:

processor	: 1
vendor_id	: GenuineIntel
cpu family	: 6
model		: 58
model name	: Intel(R) Core(TM) i5-3550 CPU @ 3.30GHz
stepping	: 9
microcode	: 0x1f
cpu MHz		: 3701.000
cache size	: 6144 KB
physical id	: 2
siblings	: 1
core id		: 0
cpu cores	: 1
apicid		: 2
initial apicid	: 2
fpu		: yes
fpu_exception	: yes
cpuid level	: 13
wp		: yes
flags		: fpu vme de pse tsc msr pae mce cx8 apic sep mtrr pge mca cmov pat pse36 clflush mmx fxsr sse sse2 ss syscall nx rdtscp lm constant_tsc arch_perfmon nopl xtopology tsc_reliable nonstop_tsc cpuid pni pclmulqdq ssse3 cx16 pcid sse4_1 sse4_2 x2apic popcnt tsc_deadline_timer aes xsave avx f16c rdrand hypervisor lahf_lm cpuid_fault pti ibrs ibpb stibp fsgsbase tsc_adjust smep arat arch_capabilities
bugs		: cpu_meltdown spectre_v1 spectre_v2 spec_store_bypass l1tf
bogomips	: 7402.00
clflush size	: 64
cache_alignment	: 64
address sizes	: 43 bits physical, 48 bits virtual
power management:



Memory: 4k page, physical 4015672k(86904k free), swap 969960k(0k free)

vm_info: Java HotSpot(TM) 64-Bit Server VM (25.191-b12) for linux-amd64 JRE (1.8.0_191-b12), built on Oct  6 2018 05:43:09 by "java_re" with gcc 7.3.0

time: Sun Oct 28 22:27:39 2018
elapsed time: 95 seconds (0d 0h 1m 35s)

